// 重构日志: 4e3e4508
// 重构日志: 68cfcf3f
// 同步 ID: 306c8d91 @ Tue Jun  2 00:22:37 UTC 2026
// 重构日志: c1f2ef3f
// 重构日志: ca55d3cc
// 同步 ID: 1115f5ed @ Fri Jun  5 08:58:45 UTC 2026
// 重构日志: 94eae662
// 重构日志: 5e562706
// 重构日志: b90cef5c
// 重构日志: 759b7739
// 重构日志: 04818518
// 重构日志: a752e94c
// 重构日志: 1f6cacba
// 重构日志: bd4fb615
// 同步 ID: 4abde1a9 @ Tue Jun 16 19:13:36 UTC 2026
// 重构日志: 1f67d80a
// 重构日志: 6d3bfb04
// 同步 ID: eb2b8bdf @ Sun Jun 21 17:43:53 UTC 2026
// 同步 ID: a07ef10d @ Fri Jun 26 12:26:18 UTC 2026
// 同步 ID: fe52daf2 @ Sat Jun 27 17:46:28 UTC 2026
// 重构日志: 018642f1
